<?xml version="1.0" encoding="UTF-8"?>
<testsuite xmlns:xsi="http://www.w3.org/2001/XMLSchema-instance" xsi:noNamespaceSchemaLocation="https://maven.apache.org/surefire/maven-surefire-plugin/xsd/surefire-test-report.xsd" name="GiaoDich_app.DisplayGiaoDichUseCaseTest" time="0.056" tests="1" errors="1" skipped="0" failures="0">
  <properties>
    <property name="java.specification.version" value="21"/>
    <property name="sun.cpu.isalist" value="amd64"/>
    <property name="sun.jnu.encoding" value="Cp1252"/>
    <property name="java.class.path" value="D:\Gia Dinh uni\Hoc ki 6\thiet ke pm-t5\doan\demo\target\test-classes;D:\Gia Dinh uni\Hoc ki 6\thiet ke pm-t5\doan\demo\target\classes;C:\Users\tqh20\.m2\repository\org\mockito\mockito-all\2.0.2-beta\mockito-all-2.0.2-beta.jar;C:\Users\tqh20\.m2\repository\com\mysql\mysql-connector-j\8.0.33\mysql-connector-j-8.0.33.jar;C:\Users\tqh20\.m2\repository\com\google\protobuf\protobuf-java\3.21.9\protobuf-java-3.21.9.jar;C:\Users\tqh20\.m2\repository\junit\junit\4.11\junit-4.11.jar;C:\Users\tqh20\.m2\repository\org\hamcrest\hamcrest-core\1.3\hamcrest-core-1.3.jar;"/>
    <property name="java.vm.vendor" value="Oracle Corporation"/>
    <property name="sun.arch.data.model" value="64"/>
    <property name="user.variant" value=""/>
    <property name="java.vendor.url" value="https://java.oracle.com/"/>
    <property name="user.timezone" value="Asia/Saigon"/>
    <property name="os.name" value="Windows 11"/>
    <property name="java.vm.specification.version" value="21"/>
    <property name="user.country" value="US"/>
    <property name="sun.java.launcher" value="SUN_STANDARD"/>
    <property name="sun.boot.library.path" value="C:\Program Files\Java\jdk-21\bin"/>
    <property name="sun.java.command" value="C:\Users\tqh20\AppData\Local\Temp\surefire12533253665909716141\surefirebooter16552944062378289358.jar C:\Users\tqh20\AppData\Local\Temp\surefire12533253665909716141 2024-11-13T20-28-22_596-jvmRun1 surefire3087005353611899245tmp surefire_01867378486686527073tmp"/>
    <property name="jdk.debug" value="release"/>
    <property name="test" value="GiaoDich_app.DisplayGiaoDichUseCaseTest#testExecute_shouldHandleException"/>
    <property name="surefire.test.class.path" value="D:\Gia Dinh uni\Hoc ki 6\thiet ke pm-t5\doan\demo\target\test-classes;D:\Gia Dinh uni\Hoc ki 6\thiet ke pm-t5\doan\demo\target\classes;C:\Users\tqh20\.m2\repository\org\mockito\mockito-all\2.0.2-beta\mockito-all-2.0.2-beta.jar;C:\Users\tqh20\.m2\repository\com\mysql\mysql-connector-j\8.0.33\mysql-connector-j-8.0.33.jar;C:\Users\tqh20\.m2\repository\com\google\protobuf\protobuf-java\3.21.9\protobuf-java-3.21.9.jar;C:\Users\tqh20\.m2\repository\junit\junit\4.11\junit-4.11.jar;C:\Users\tqh20\.m2\repository\org\hamcrest\hamcrest-core\1.3\hamcrest-core-1.3.jar;"/>
    <property name="sun.cpu.endian" value="little"/>
    <property name="user.home" value="C:\Users\tqh20"/>
    <property name="user.language" value="en"/>
    <property name="java.specification.vendor" value="Oracle Corporation"/>
    <property name="java.version.date" value="2024-10-15"/>
    <property name="java.home" value="C:\Program Files\Java\jdk-21"/>
    <property name="file.separator" value="\"/>
    <property name="basedir" value="D:\Gia Dinh uni\Hoc ki 6\thiet ke pm-t5\doan\demo"/>
    <property name="java.vm.compressedOopsMode" value="32-bit"/>
    <property name="line.separator" value="&#10;"/>
    <property name="java.vm.specification.vendor" value="Oracle Corporation"/>
    <property name="java.specification.name" value="Java Platform API Specification"/>
    <property name="surefire.real.class.path" value="C:\Users\tqh20\AppData\Local\Temp\surefire12533253665909716141\surefirebooter16552944062378289358.jar"/>
    <property name="user.script" value=""/>
    <property name="sun.management.compiler" value="HotSpot 64-Bit Tiered Compilers"/>
    <property name="java.runtime.version" value="21.0.5+9-LTS-239"/>
    <property name="user.name" value="tqh20"/>
    <property name="stdout.encoding" value="Cp1252"/>
    <property name="path.separator" value=";"/>
    <property name="os.version" value="10.0"/>
    <property name="java.runtime.name" value="Java(TM) SE Runtime Environment"/>
    <property name="file.encoding" value="UTF-8"/>
    <property name="java.vm.name" value="Java HotSpot(TM) 64-Bit Server VM"/>
    <property name="maven.ext.class.path" value="C:\Users\tqh20\.vscode\extensions\oracle.oracle-java-23.0.0\nbcode\java\maven-nblib\netbeans-eventspy.jar"/>
    <property name="localRepository" value="C:\Users\tqh20\.m2\repository"/>
    <property name="java.vendor.url.bug" value="https://bugreport.java.com/bugreport/"/>
    <property name="java.io.tmpdir" value="C:\Users\tqh20\AppData\Local\Temp\"/>
    <property name="java.version" value="21.0.5"/>
    <property name="user.dir" value="D:\Gia Dinh uni\Hoc ki 6\thiet ke pm-t5\doan\demo"/>
    <property name="os.arch" value="amd64"/>
    <property name="java.vm.specification.name" value="Java Virtual Machine Specification"/>
    <property name="sun.os.patch.level" value=""/>
    <property name="native.encoding" value="Cp1252"/>
    <property name="java.library.path" value="C:\Program Files\Java\jdk-21\bin;C:\WINDOWS\Sun\Java\bin;C:\WINDOWS\system32;C:\WINDOWS;C:\Program Files\Java\jdk-23\bin;C:\Program Files\Common Files\Oracle\Java\javapath;C:\windows\system32;C:\windows;C:\windows\System32\Wbem;C:\windows\System32\WindowsPowerShell\v1.0\;C:\windows\System32\OpenSSH\;C:\Program Files (x86)\NVIDIA Corporation\PhysX\Common;C:\Program Files\NVIDIA Corporation\NVIDIA NvDLISR;C:\WINDOWS\system32;C:\WINDOWS;C:\WINDOWS\System32\Wbem;C:\WINDOWS\System32\WindowsPowerShell\v1.0\;C:\WINDOWS\System32\OpenSSH\;C:\Program Files (x86)\Microsoft SQL Server\160\DTS\Binn\;C:\Program Files (x86)\Microsoft SQL Server\160\Tools\Binn\;C:\Program Files\Microsoft SQL Server\160\Tools\Binn\;C:\Program Files\Microsoft SQL Server\Client SDK\ODBC\170\Tools\Binn\;C:\Program Files\Microsoft SQL Server\160\DTS\Binn\;C:\Program Files\Microsoft SQL Server\150\Tools\Binn\;C:\Program Files\dotnet\;C:\Program Files\Docker\Docker\resources\bin;D:\Git\Git\cmd;C:\Users\tqh20\AppData\Roaming\nvm;C:\Program Files\nodejs;C:\Program Files\nodejs\;C:\Program Files\Cloudflare\Cloudflare WARP\;C:\Users\tqh20\Downloads\Maven\apache-maven-3.9.9\bin;C:\Program Files\Java\jdk-21\bin;C:\Users\tqh20\AppData\Local\Programs\Python\Python312\Scripts\;C:\Users\tqh20\AppData\Local\Programs\Python\Python312\;C:\Users\tqh20\AppData\Local\Programs\Python\Launcher\;C:\Users\tqh20\AppData\Local\Microsoft\WindowsApps;D:\MY FIRST WEBSITE\Microsoft VS Code\bin;C:\Users\tqh20\.dotnet\tools;C:\Users\tqh20\AppData\Roaming\nvm;C:\Program Files\nodejs;C:\Users\tqh20\AppData\Roaming\npm;D:\IntelliJ\IntelliJ IDEA 2024.2.3\bin;;C:\Program Files\Java\jdk-21\bin;;."/>
    <property name="java.vm.info" value="mixed mode, sharing"/>
    <property name="stderr.encoding" value="Cp1252"/>
    <property name="java.vendor" value="Oracle Corporation"/>
    <property name="java.vm.version" value="21.0.5+9-LTS-239"/>
    <property name="sun.io.unicode.encoding" value="UnicodeLittle"/>
    <property name="java.class.version" value="65.0"/>
  </properties>
  <testcase name="testExecute_shouldHandleException" classname="GiaoDich_app.DisplayGiaoDichUseCaseTest" time="0.005">
    <error message="Cannot invoke &quot;GiaoDich_app.usecase.DisplayGiaoDichDatabaseBoundary.getAllGiaoDich()&quot; because &quot;this.databaseBoundary&quot; is null" type="java.lang.NullPointerException">java.lang.NullPointerException: Cannot invoke "GiaoDich_app.usecase.DisplayGiaoDichDatabaseBoundary.getAllGiaoDich()" because "this.databaseBoundary" is null
	at GiaoDich_app.DisplayGiaoDichUseCaseTest.testExecute_shouldHandleException(DisplayGiaoDichUseCaseTest.java:76)
</error>
  </testcase>
</testsuite>